<?xml version="1.0" encoding="UTF-8"?>
<testng-results ignored="0" total="1" passed="1" failed="0" skipped="0">
  <reporter-output>
  </reporter-output>
  <suite started-at="2026-05-14T15:43:44 ICT" name="Gradle suite" finished-at="2026-05-14T15:43:58 ICT" duration-ms="14263">
    <groups>
    </groups>
    <test started-at="2026-05-14T15:43:44 ICT" name="Gradle test" finished-at="2026-05-14T15:43:58 ICT" duration-ms="14263">
      <class name="testcase.login.Login01_Verify_Successfully">
        <test-method is-config="true" signature="beforeSuite()[pri:0, instance:testcase.login.Login01_Verify_Successfully@3e8f7922]" started-at="2026-05-14T15:43:43 ICT" name="beforeSuite" finished-at="2026-05-14T15:43:44 ICT" duration-ms="110" status="PASS">
          <reporter-output>
          </reporter-output>
        </test-method> <!-- beforeSuite -->
        <test-method is-config="true" signature="beforeClass()[pri:0, instance:testcase.login.Login01_Verify_Successfully@3e8f7922]" started-at="2026-05-14T15:43:44 ICT" name="beforeClass" finished-at="2026-05-14T15:43:49 ICT" duration-ms="5496" status="PASS">
          <reporter-output>
          </reporter-output>
        </test-method> <!-- beforeClass -->
        <test-method is-config="true" signature="beforeMethod(java.lang.reflect.Method)[pri:0, instance:testcase.login.Login01_Verify_Successfully@3e8f7922]" started-at="2026-05-14T15:43:49 ICT" name="beforeMethod" finished-at="2026-05-14T15:43:49 ICT" duration-ms="7" status="PASS">
          <params>
            <param index="0">
              <value>
                <![CDATA[public void testcase.login.Login01_Verify_Successfully.testValidLogin()]]>
              </value>
            </param>
          </params>
          <reporter-output>
          </reporter-output>
        </test-method> <!-- beforeMethod -->
        <test-method signature="testValidLogin()[pri:0, instance:testcase.login.Login01_Verify_Successfully@3e8f7922]" started-at="2026-05-14T15:43:49 ICT" name="testValidLogin" description="Verify that user can login successfully with valid credentials" finished-at="2026-05-14T15:43:57 ICT" duration-ms="8313" status="PASS">
          <reporter-output>
          </reporter-output>
        </test-method> <!-- testValidLogin -->
        <test-method is-config="true" signature="afterMethod(org.testng.ITestResult)[pri:0, instance:testcase.login.Login01_Verify_Successfully@3e8f7922]" started-at="2026-05-14T15:43:57 ICT" name="afterMethod" finished-at="2026-05-14T15:43:57 ICT" duration-ms="1" status="PASS">
          <params>
            <param index="0">
              <value>
                <![CDATA[[TestResult name=testValidLogin status=SUCCESS method=Login01_Verify_Successfully.testValidLogin()[pri:0, instance:testcase.login.Login01_Verify_Successfully@3e8f7922] output={null}]]]>
              </value>
            </param>
          </params>
          <reporter-output>
          </reporter-output>
        </test-method> <!-- afterMethod -->
        <test-method is-config="true" signature="afterClass()[pri:0, instance:testcase.login.Login01_Verify_Successfully@3e8f7922]" started-at="2026-05-14T15:43:57 ICT" name="afterClass" finished-at="2026-05-14T15:43:58 ICT" duration-ms="420" status="PASS">
          <reporter-output>
          </reporter-output>
        </test-method> <!-- afterClass -->
        <test-method is-config="true" signature="afterSuite()[pri:0, instance:testcase.login.Login01_Verify_Successfully@3e8f7922]" started-at="2026-05-14T15:43:58 ICT" name="afterSuite" finished-at="2026-05-14T15:43:58 ICT" duration-ms="228" status="PASS">
          <reporter-output>
          </reporter-output>
        </test-method> <!-- afterSuite -->
      </class> <!-- testcase.login.Login01_Verify_Successfully -->
    </test> <!-- Gradle test -->
  </suite> <!-- Gradle suite -->
</testng-results>
